<?xml version="1.0" encoding="UTF-8"?>
<!-- Generated by org.testng.reporters.JUnitReportReporter -->
<testsuite name="com.test.Google" tests="4" time="42.287" ignored="0" failures="0" timestamp="05 Jul 2022 09:12:53 GMT" skipped="0" hostname="Shivam" errors="0">
  <testcase name="getalllinks" time="24.485" classname="com.test.Google"/>
  <testcase name="googleLogo" time="5.323" classname="com.test.Google"/>
  <testcase name="title" time="6.394" classname="com.test.Google"/>
  <testcase name="title" time="6.085" classname="com.test.Google"/>
</testsuite> <!-- com.test.Google -->
