<?xml version="1.0" encoding="UTF-8"?>
<!-- Generated by org.testng.reporters.JUnitReportReporter -->
<testsuite name="com.test.googletest" tests="1" time="8.312" ignored="0" failures="0" timestamp="05 Jul 2022 09:12:53 GMT" skipped="0" hostname="Shivam" errors="0">
  <testcase name="logo" time="8.312" classname="com.test.googletest"/>
</testsuite> <!-- com.test.googletest -->
