<?xml version="1.0" encoding="UTF-8"?>
<!-- Generated by org.testng.reporters.JUnitReportReporter -->
<testsuite name="com.test.HubspotLogin" tests="1" time="4.756" ignored="0" failures="0" timestamp="05 Jul 2022 09:12:53 GMT" skipped="0" hostname="Shivam" errors="0">
  <testcase name="login" time="4.756" classname="com.test.HubspotLogin"/>
</testsuite> <!-- com.test.HubspotLogin -->
