<?xml version="1.0" encoding="UTF-8"?>
<!-- Generated by org.testng.reporters.JUnitReportReporter -->
<testsuite skipped="0" hostname="Shivam" name="com.test.HubspotLogin" tests="1" failures="0" timestamp="2022-07-05T06:40:56 EDT" time="7.216" errors="0">
  <testcase name="login" time="7.216" classname="com.test.HubspotLogin"/>
  <system-out/>
</testsuite> <!-- com.test.HubspotLogin -->
