<?xml version="1.0" encoding="UTF-8"?>
<!-- Generated by org.testng.reporters.JUnitReportReporter -->
<testsuite skipped="0" hostname="Shivam" name="com.test.googletest" tests="1" failures="0" timestamp="2022-07-05T06:40:57 EDT" time="5.978" errors="0">
  <testcase name="logo" time="5.978" classname="com.test.googletest"/>
  <system-out/>
</testsuite> <!-- com.test.googletest -->
