<?xml version="1.0" encoding="UTF-8"?>
<!-- Generated by org.testng.reporters.JUnitReportReporter -->
<testsuite skipped="0" hostname="Shivam" name="com.test.Google" tests="4" failures="0" timestamp="2022-07-05T06:40:57 EDT" time="50.880" errors="0">
  <testcase name="googleLogo" time="6.614" classname="com.test.Google"/>
  <system-out/>
  <testcase name="getalllinks" time="26.421" classname="com.test.Google"/>
  <system-out/>
  <testcase name="title" time="12.342" classname="com.test.Google"/>
  <system-out/>
  <testcase name="title" time="5.503" classname="com.test.Google"/>
  <system-out/>
</testsuite> <!-- com.test.Google -->
